[22:08:40] [connected at Fri Sep 20 22:08:40 2013]
[22:08:57] [I have joined #sambev]
[22:09:08] <sambev1> twistedbot^^: why do you have ^^ by your name?
[22:09:08] <twistedbot^^> sambev1: I am a log bot
[22:37:21] [disconnected at Fri Sep 20 22:37:21 2013]
[22:37:27] [connected at Fri Sep 20 22:37:27 2013]
[22:37:43] [I have joined #sambev]
[22:37:55] <sambev1> skynet: hi
[22:37:55] <skynet> sambev1: I am a log bot
[22:38:07] skynet is now known as Guest14728
[22:44:46] [disconnected at Fri Sep 20 22:44:46 2013]
[22:44:49] [connected at Fri Sep 20 22:44:49 2013]
[22:45:26] [disconnected at Fri Sep 20 22:45:26 2013]
[22:45:26] [connected at Fri Sep 20 22:45:26 2013]
[22:45:45] [disconnected at Fri Sep 20 22:45:45 2013]
[22:46:47] [connected at Fri Sep 20 22:46:47 2013]
[22:47:30] [disconnected at Fri Sep 20 22:47:30 2013]
[22:47:30] [connected at Fri Sep 20 22:47:30 2013]
[22:48:19] [disconnected at Fri Sep 20 22:48:19 2013]
[22:48:20] [connected at Fri Sep 20 22:48:20 2013]
[22:49:05] [disconnected at Fri Sep 20 22:49:05 2013]
[22:49:05] [connected at Fri Sep 20 22:49:05 2013]
[22:49:22] [disconnected at Fri Sep 20 22:49:22 2013]
[22:50:39] [connected at Fri Sep 20 22:50:39 2013]
[22:51:21] [disconnected at Fri Sep 20 22:51:21 2013]
[22:51:21] [connected at Fri Sep 20 22:51:21 2013]
[22:51:23] [disconnected at Fri Sep 20 22:51:23 2013]
[22:51:30] [connected at Fri Sep 20 22:51:30 2013]
[22:52:21] [disconnected at Fri Sep 20 22:52:21 2013]
[22:52:26] [connected at Fri Sep 20 22:52:26 2013]
[23:19:28] [connected at Fri Sep 20 23:19:28 2013]
[23:20:03] [disconnected at Fri Sep 20 23:20:03 2013]
[23:20:04] [connected at Fri Sep 20 23:20:04 2013]
[23:20:25] [disconnected at Fri Sep 20 23:20:25 2013]
[22:09:37] [connected at Sun Sep 22 22:09:37 2013]
[22:09:49] [I have joined #sambevtest]
[22:10:01] [disconnected at Sun Sep 22 22:10:01 2013]
[22:15:18] [connected at Mon Sep 23 22:15:18 2013]
[22:15:34] [I have joined #sambevtest]
[22:15:58] skynet is now known as Guest24443
[22:16:56] <sambev1> Guest24443: 
[22:17:03] <sambev1> Guest24443: menu
[22:17:10] [disconnected at Mon Sep 23 22:17:10 2013]
[22:17:57] [connected at Mon Sep 23 22:17:57 2013]
[22:18:45] [disconnected at Mon Sep 23 22:18:45 2013]
[22:18:45] [connected at Mon Sep 23 22:18:45 2013]
[22:19:02] [disconnected at Mon Sep 23 22:19:02 2013]
[22:19:11] [connected at Mon Sep 23 22:19:11 2013]
[22:20:11] [disconnected at Mon Sep 23 22:20:11 2013]
[22:20:11] [connected at Mon Sep 23 22:20:11 2013]
[22:20:27] [disconnected at Mon Sep 23 22:20:27 2013]
[22:24:01] [connected at Mon Sep 23 22:24:01 2013]
[22:24:59] [disconnected at Mon Sep 23 22:24:59 2013]
[22:24:59] [connected at Mon Sep 23 22:24:59 2013]
[22:25:09] [disconnected at Mon Sep 23 22:25:09 2013]
[19:35:00] [connected at Tue Sep 24 19:35:00 2013]
[19:35:13] [I have joined #sambtest]
[19:35:19] <sambev1> skynet: hi
[19:35:19] <skynet> sambev1: I am a log bot
[19:35:36] skynet is now known as Guest68464
[19:36:25] [disconnected at Tue Sep 24 19:36:25 2013]
[19:36:36] [connected at Tue Sep 24 19:36:36 2013]
[19:37:12] [disconnected at Tue Sep 24 19:37:12 2013]
[19:37:12] [connected at Tue Sep 24 19:37:12 2013]
[19:37:36] [disconnected at Tue Sep 24 19:37:36 2013]
[19:38:31] [connected at Tue Sep 24 19:38:31 2013]
[19:39:08] [disconnected at Tue Sep 24 19:39:08 2013]
[19:39:31] [connected at Tue Sep 24 19:39:31 2013]
[19:40:06] [disconnected at Tue Sep 24 19:40:06 2013]
[19:40:06] [connected at Tue Sep 24 19:40:06 2013]
[19:41:01] [disconnected at Tue Sep 24 19:41:01 2013]
[19:41:01] [connected at Tue Sep 24 19:41:01 2013]
[19:41:22] [disconnected at Tue Sep 24 19:41:22 2013]
[19:44:47] [connected at Tue Sep 24 19:44:47 2013]
[19:45:33] [disconnected at Tue Sep 24 19:45:33 2013]
[19:45:33] [connected at Tue Sep 24 19:45:33 2013]
[19:45:35] [disconnected at Tue Sep 24 19:45:35 2013]
[19:52:34] [connected at Tue Sep 24 19:52:34 2013]
[19:53:20] [disconnected at Tue Sep 24 19:53:20 2013]
[19:53:20] [connected at Tue Sep 24 19:53:20 2013]
[19:54:10] [disconnected at Tue Sep 24 19:54:10 2013]
[19:54:10] [connected at Tue Sep 24 19:54:10 2013]
[19:55:02] [disconnected at Tue Sep 24 19:55:02 2013]
[19:55:02] [connected at Tue Sep 24 19:55:02 2013]
[19:55:52] [disconnected at Tue Sep 24 19:55:52 2013]
[19:55:55] [connected at Tue Sep 24 19:55:55 2013]
[19:56:12] [disconnected at Tue Sep 24 19:56:12 2013]
[19:57:27] [connected at Tue Sep 24 19:57:27 2013]
[19:58:06] [disconnected at Tue Sep 24 19:58:06 2013]
[19:58:06] [connected at Tue Sep 24 19:58:06 2013]
[19:58:51] [disconnected at Tue Sep 24 19:58:51 2013]
[19:58:51] [connected at Tue Sep 24 19:58:51 2013]
[19:59:38] [disconnected at Tue Sep 24 19:59:38 2013]
[19:59:42] [connected at Tue Sep 24 19:59:42 2013]
[20:00:33] [disconnected at Tue Sep 24 20:00:33 2013]
[20:00:33] [connected at Tue Sep 24 20:00:33 2013]
[20:01:11] [disconnected at Tue Sep 24 20:01:11 2013]
[20:01:15] [connected at Tue Sep 24 20:01:15 2013]
[20:01:58] [disconnected at Tue Sep 24 20:01:58 2013]
[20:02:04] [connected at Tue Sep 24 20:02:04 2013]
[20:02:44] [disconnected at Tue Sep 24 20:02:44 2013]
[20:03:23] [connected at Tue Sep 24 20:03:23 2013]
[20:03:53] [disconnected at Tue Sep 24 20:03:53 2013]
[20:03:57] [connected at Tue Sep 24 20:03:57 2013]
[20:04:43] [disconnected at Tue Sep 24 20:04:43 2013]
[20:04:43] [connected at Tue Sep 24 20:04:43 2013]
[20:05:36] [disconnected at Tue Sep 24 20:05:36 2013]
[20:05:36] [connected at Tue Sep 24 20:05:36 2013]
[20:06:13] [disconnected at Tue Sep 24 20:06:13 2013]
[20:06:13] [connected at Tue Sep 24 20:06:13 2013]
[20:06:26] [disconnected at Tue Sep 24 20:06:26 2013]
[20:07:23] [connected at Tue Sep 24 20:07:23 2013]
[20:07:40] [I have joined #skynety]
[20:10:45] [disconnected at Tue Sep 24 20:10:45 2013]
[20:15:16] [connected at Tue Sep 24 20:15:16 2013]
[20:15:31] [I have joined #skynety]
[20:15:38] [disconnected at Tue Sep 24 20:15:38 2013]
[20:16:36] [connected at Tue Sep 24 20:16:36 2013]
[20:16:48] [I have joined #skynety]
[20:18:41] [disconnected at Tue Sep 24 20:18:41 2013]
[20:19:12] [connected at Tue Sep 24 20:19:12 2013]
[20:19:25] [I have joined #skynety]
[20:23:19] [disconnected at Tue Sep 24 20:23:19 2013]
[20:23:19] [connected at Tue Sep 24 20:23:19 2013]
[20:23:32] [I have joined #skynety]
[20:23:36] [disconnected at Tue Sep 24 20:23:36 2013]
[20:23:47] [connected at Tue Sep 24 20:23:47 2013]
[20:24:01] [I have joined #skynety]
[20:29:55] [disconnected at Tue Sep 24 20:29:55 2013]
[20:29:55] [connected at Tue Sep 24 20:29:55 2013]
[20:30:11] [I have joined #skynety]
[20:31:03] [disconnected at Tue Sep 24 20:31:03 2013]
[20:31:08] [connected at Tue Sep 24 20:31:08 2013]
[20:31:21] [I have joined #skynety]
[20:31:38] <sambev1> sambotbev: cafe
[20:31:39] <sambotbev> sambotbev: cafe
[20:32:39] [disconnected at Tue Sep 24 20:32:39 2013]
[20:32:42] [connected at Tue Sep 24 20:32:42 2013]
[20:32:47] [disconnected at Tue Sep 24 20:32:47 2013]
[20:33:55] [connected at Tue Sep 24 20:33:55 2013]
[20:34:11] [I have joined #skynety]
[20:34:26] <sambev1> sambotbev: cafe
[20:34:27] <sambotbev> sambotbev: cafe
[20:34:58] [disconnected at Tue Sep 24 20:34:58 2013]
[20:35:55] [connected at Tue Sep 24 20:35:55 2013]
[20:36:10] [I have joined #skynety]
[20:36:18] <sambev1> sambotbev: cafe
[20:38:01] [disconnected at Tue Sep 24 20:38:01 2013]
[20:39:16] [connected at Tue Sep 24 20:39:16 2013]
[20:39:31] [I have joined #skynety]
[20:47:56] <sambev1> sambotbev: cafe
[20:56:02] [disconnected at Tue Sep 24 20:56:02 2013]
[20:56:05] [connected at Tue Sep 24 20:56:05 2013]
[20:56:21] [I have joined #skynety]
[20:56:29] <sambev1> sambotbev: cafe
[20:57:35] [disconnected at Tue Sep 24 20:57:35 2013]
[20:57:44] [connected at Tue Sep 24 20:57:44 2013]
[20:58:00] [I have joined #skynety]
[20:59:54] [disconnected at Tue Sep 24 20:59:54 2013]
[20:59:54] [connected at Tue Sep 24 20:59:54 2013]
[20:59:58] [disconnected at Tue Sep 24 20:59:58 2013]
[21:00:04] [connected at Tue Sep 24 21:00:04 2013]
[21:00:16] [I have joined #skynety]
[21:00:22] <sambev1> sambotbev: cafe
[21:01:34] [disconnected at Tue Sep 24 21:01:34 2013]
[21:01:36] [connected at Tue Sep 24 21:01:36 2013]
[21:01:48] [I have joined #skynety]
[21:02:04] <sambev1> sambotbev^: 
[21:02:13] [disconnected at Tue Sep 24 21:02:13 2013]
[21:02:17] [connected at Tue Sep 24 21:02:17 2013]
[21:02:33] [I have joined #skynety]
[21:02:53] <sambev1> sambotbev: cafe
[21:03:50] [disconnected at Tue Sep 24 21:03:50 2013]
[21:04:03] [connected at Tue Sep 24 21:04:03 2013]
[21:04:16] [I have joined #skynety]
[21:04:22] <sambev1> sambotbev: cafe
[21:05:04] [disconnected at Tue Sep 24 21:05:04 2013]
[21:05:17] [connected at Tue Sep 24 21:05:17 2013]
[21:05:30] [I have joined #skynety]
[21:05:40] <sambev1> sambotbev: cafe
[21:10:19] [disconnected at Tue Sep 24 21:10:19 2013]
[21:10:46] [connected at Tue Sep 24 21:10:46 2013]
[21:11:02] [I have joined #skynety]
[21:12:18] [disconnected at Tue Sep 24 21:12:18 2013]
[21:12:31] [connected at Tue Sep 24 21:12:31 2013]
[21:12:44] [I have joined #skynety]
[21:13:09] <sambev1> sambotbev: cafe
[21:13:25] [disconnected at Tue Sep 24 21:13:25 2013]
[21:13:30] [connected at Tue Sep 24 21:13:30 2013]
[21:13:45] [I have joined #skynety]
[21:14:23] <sambev1> sambotbev: cafe
[21:57:45] [disconnected at Tue Sep 24 21:57:45 2013]
[21:58:29] [connected at Tue Sep 24 21:58:29 2013]
[21:58:44] [I have joined #skynety]
[21:58:49] <sambev1> sambotbev: cafe
[21:59:46] [disconnected at Tue Sep 24 21:59:46 2013]
[21:59:48] [connected at Tue Sep 24 21:59:48 2013]
[22:00:02] [I have joined #skynety]
[22:00:28] <sambev1> sambotbev: cafe
[22:00:35] [disconnected at Tue Sep 24 22:00:35 2013]
[09:39:07] [connected at Wed Sep 25 09:39:07 2013]
[09:39:07] [I have joined #main]
[09:39:19] [disconnected at Wed Sep 25 09:39:19 2013]
[09:39:33] [connected at Wed Sep 25 09:39:33 2013]
[09:39:33] [I have joined #main]
[09:39:38] <sambev> AL: cafe
[09:39:44] <sambev> dcheesman: meet Al
[09:39:46] <sambev> AL*
[09:43:21] <dcheesman> hi AL
[09:43:34] <dcheesman> AL: cafe
[09:43:37] <sambev> AL can't do much other than the cafe right now
[09:43:42] <sambev> AL: hi
[09:43:47] <sambev> yeah, not much else at all
[09:45:37] <AdyEndrus> sup bot!
[09:45:38] <sambev> i update the master on github, so you can see the working code
[09:45:52] <sambev> he can only tell you what is on the menu at the east bay cafe right now
[09:45:57] <sambev> AL: cafe
[09:46:22] <AdyEndrus> sambev: I've never been to the east bay cafe, but it's making me hungry
[09:46:39] <sambev> i would give it a solid 6 or 7/10 stars
[09:46:53] <sambev> you should come down sometime and I can show you around my work
[09:46:58] <sambev> and east the cafe
[09:47:27] <sambev> east bay cafe*
[09:47:40] [disconnected at Wed Sep 25 09:47:40 2013]
